<?xml version="1.0" encoding="UTF-8"?>
<testng-results ignored="0" total="1" passed="1" failed="0" skipped="0">
  <reporter-output>
  </reporter-output>
  <suite started-at="2023-03-24T11:59:35 IST" name="Default suite" finished-at="2023-03-24T11:59:54 IST" duration-ms="18186">
    <groups>
    </groups>
    <test started-at="2023-03-24T11:59:35 IST" name="Default test" finished-at="2023-03-24T11:59:54 IST" duration-ms="18186">
      <class name="testcases.RoundTripTest">
        <test-method is-config="true" signature="Startup()[pri:0, instance:testcases.RoundTripTest@313ac989]" started-at="2023-03-24T11:59:35 IST" name="Startup" finished-at="2023-03-24T11:59:49 IST" duration-ms="13294" status="PASS">
          <reporter-output>
          </reporter-output>
        </test-method> <!-- Startup -->
        <test-method signature="SearchFlight()[pri:0, instance:testcases.RoundTripTest@313ac989]" started-at="2023-03-24T11:59:49 IST" name="SearchFlight" finished-at="2023-03-24T11:59:53 IST" duration-ms="4391" status="PASS">
          <reporter-output>
          </reporter-output>
        </test-method> <!-- SearchFlight -->
        <test-method is-config="true" signature="close()[pri:0, instance:testcases.RoundTripTest@313ac989]" started-at="2023-03-24T11:59:53 IST" name="close" finished-at="2023-03-24T11:59:54 IST" duration-ms="439" status="PASS">
          <reporter-output>
          </reporter-output>
        </test-method> <!-- close -->
      </class> <!-- testcases.RoundTripTest -->
    </test> <!-- Default test -->
  </suite> <!-- Default suite -->
</testng-results>
